<?xml version="1.0" encoding="UTF-8"?>
<!-- Generated by org.testng.reporters.JUnitReportReporter -->
<testsuite hostname="DESKTOP-PTC3J18" failures="0" tests="1" name="testng_training.Demo_test" time="0.003" errors="0" timestamp="2021-04-02T22:57:08 EEST" skipped="0">
  <testcase classname="testng_training.Demo_test" name="test" time="0.003"/>
  <system-out/>
</testsuite> <!-- testng_training.Demo_test -->
