<?xml version="1.0" encoding="UTF-8"?>
<!-- Generated by org.testng.reporters.JUnitReportReporter -->
<testsuite hostname="DESKTOP-PTC3J18" failures="0" tests="1" name="testng_training.Demo_test2" time="0.001" errors="0" timestamp="2021-05-06T21:16:12 EEST" skipped="0">
  <testcase classname="testng_training.Demo_test2" name="test_demo_2" time="0.001"/>
  <system-out/>
</testsuite> <!-- testng_training.Demo_test2 -->
