<?xml version="1.0" encoding="UTF-8"?>
<!-- Generated by org.testng.reporters.JUnitReportReporter -->
<testsuite hostname="DESKTOP-PTC3J18" failures="0" tests="2" name="testng_training.Demo_test" time="0.004" errors="0" timestamp="2021-05-06T21:16:12 EEST" skipped="0">
  <testcase classname="testng_training.Demo_test" name="test2" time="0.001"/>
  <system-out/>
  <testcase classname="testng_training.Demo_test" name="test" time="0.003"/>
  <system-out/>
</testsuite> <!-- testng_training.Demo_test -->
