<?xml version="1.0" encoding="UTF-8"?>
<!-- Generated by org.testng.reporters.JUnitReportReporter -->
<testsuite hostname="DESKTOP-PTC3J18" failures="0" tests="1" name="basic_testing.ValidateResponseBody" time="1.551" errors="0" timestamp="2020-11-04T21:37:51 EET" skipped="0">
  <testcase classname="basic_testing.ValidateResponseBody" name="validateBody" time="1.551"/>
  <system-out/>
</testsuite> <!-- basic_testing.ValidateResponseBody -->
