<?xml version="1.0" encoding="UTF-8"?>
<!-- Generated by org.testng.reporters.JUnitReportReporter -->
<testsuite hostname="DESKTOP-PTC3J18" failures="0" tests="1" name="basic_testing.ResponseValidation" time="1.552" errors="0" timestamp="2021-01-03T15:42:21 EET" skipped="0">
  <testcase classname="basic_testing.ResponseValidation" name="PostRequest" time="1.552"/>
  <system-out/>
</testsuite> <!-- basic_testing.ResponseValidation -->
